
> build
> next build

info  - Checking validity of types...

./components/Category/Category.js
11:6  Warning: React Hook useEffect has a missing dependency: 'posts'. Either include it or remove the dependency array. If 'setPost' needs the current value of 'posts', you can also switch to useReducer instead of useState and read 'posts' in the reducer.  react-hooks/exhaustive-deps

info  - Need to disable some ESLint rules? Learn more here: https://nextjs.org/docs/basic-features/eslint#disabling-rules
info  - Creating an optimized production build...
info  - Compiled successfully
info  - Collecting page data...
info  - Generating static pages (0/28)
info  - Generating static pages (7/28)
info  - Generating static pages (14/28)
info  - Generating static pages (21/28)
info  - Generating static pages (28/28)
info  - Finalizing page optimization...

Page                                       Size     First Load JS
┌ ● /                                      1.48 kB         100 kB
├   /_app                                  0 B            75.2 kB
├ ● /[defaultSlug]                         960 B          99.8 kB
├   ├ /contact
├   ├ /elements
├   ├ /privacy
├   └ /terms
├ ○ /404                                   193 B          75.4 kB
├ λ /api/search                            0 B            75.2 kB
├ ● /author/[author]                       1.43 kB         100 kB
├   ├ /author/mark-dinn
├   └ /author/john-doe
├ ● /categories/[categories]               916 B          99.7 kB
├   ├ /categories/development-tools
├   ├ /categories/code
├   ├ /categories/hugo
├   └ [+2 more paths]
├ ● /page/[page]                           1.46 kB         100 kB
├   ├ /page/0
├   ├ /page/1
├   ├ /page/2
├   └ /page/3
└ ● /posts/[posts] (633 ms)                757 B          99.6 kB
    ├ /posts/my-awesome-blog-post-3
    ├ /posts/my-awesome-blog-post-4
    ├ /posts/my-awesome-blog-post-5
    └ [+7 more paths]
+ First Load JS shared by all              75.2 kB
  ├ chunks/framework-91d7f78b5b4003c8.js   42.1 kB
  ├ chunks/main-1e7421553b9673ee.js        26.9 kB
  ├ chunks/pages/_app-4651022029ed9bd3.js  5.44 kB
  ├ chunks/webpack-2b99834efceef160.js     781 B
  └ css/37d82b54121890fc.css               5.69 kB

λ  (Server)  server-side renders at runtime (uses getInitialProps or getServerSideProps)
○  (Static)  automatically rendered as static HTML (uses no initial props)
●  (SSG)     automatically generated as static HTML + JSON (uses getStaticProps)

